<?xml version="1.0" encoding="UTF-8"?>
<!-- Generated by org.testng.reporters.JUnitXMLReporter -->
<testsuite ignored="0" hostname="LAPTOP-0RPVKTO3" failures="0" tests="10" name="Default test" time="96.729" errors="0" timestamp="2024-12-31T14:01:30 IST">
  <testcase classname="com.Automation_UI.TestAmz" name="TestUrl" time="0.673"/>
  <testcase classname="com.Automation_UI.TestAmz" name="Login" time="0.04"/>
  <testcase classname="com.Automation_UI.TestAmz" name="LogOut" time="10.318"/>
  <testcase classname="com.Automation_UI.TestAmz" name="Search" time="0.644"/>
  <testcase classname="com.Automation_UI.TestAmz" name="AddToCart" time="9.279"/>
  <testcase classname="com.Automation_UI.TestAmz" name="PlaceOrder" time="0.036"/>
  <testcase classname="com.Automation_UI.TestAmz" name="PaymentGateway" time="0.029"/>
  <testcase classname="com.Automation_UI.TestAmz" name="CheckCartItemsPresent" time="0.025"/>
  <testcase classname="com.Automation_UI.TestAmz" name="VerifyOrders" time="10.838"/>
  <testcase classname="com.Automation_UI.TestAmz" name="VerifyProductSearch" time="17.352"/>
</testsuite> <!-- Default test -->
