<?xml version="1.0" encoding="UTF-8"?>
<testng-results ignored="0" total="10" passed="10" failed="0" skipped="0">
  <reporter-output>
  </reporter-output>
  <suite started-at="2024-12-31T13:59:53 IST" name="Default suite" finished-at="2024-12-31T14:01:30 IST" duration-ms="96729">
    <groups>
    </groups>
    <test started-at="2024-12-31T13:59:53 IST" name="Default test" finished-at="2024-12-31T14:01:30 IST" duration-ms="96729">
      <class name="com.Automation_UI.TestAmz">
        <test-method is-config="true" signature="Setup()[pri:0, instance:com.Automation_UI.TestAmz@6392827e]" started-at="2024-12-31T13:59:53 IST" name="Setup" finished-at="2024-12-31T14:00:04 IST" duration-ms="10283" status="PASS">
          <reporter-output>
          </reporter-output>
        </test-method> <!-- Setup -->
        <test-method signature="TestUrl()[pri:1, instance:com.Automation_UI.TestAmz@6392827e]" started-at="2024-12-31T14:00:04 IST" name="TestUrl" finished-at="2024-12-31T14:00:04 IST" duration-ms="673" status="PASS">
          <reporter-output>
          </reporter-output>
        </test-method> <!-- TestUrl -->
        <test-method is-config="true" signature="ClosePage()[pri:0, instance:com.Automation_UI.TestAmz@6392827e]" started-at="2024-12-31T14:00:04 IST" name="ClosePage" finished-at="2024-12-31T14:00:05 IST" duration-ms="432" status="PASS">
          <reporter-output>
          </reporter-output>
        </test-method> <!-- ClosePage -->
        <test-method is-config="true" signature="Setup()[pri:0, instance:com.Automation_UI.TestAmz@6392827e]" started-at="2024-12-31T14:00:05 IST" name="Setup" finished-at="2024-12-31T14:00:08 IST" duration-ms="3697" status="PASS">
          <reporter-output>
          </reporter-output>
        </test-method> <!-- Setup -->
        <test-method signature="Login()[pri:2, instance:com.Automation_UI.TestAmz@6392827e]" started-at="2024-12-31T14:00:08 IST" name="Login" finished-at="2024-12-31T14:00:09 IST" duration-ms="40" status="PASS">
          <reporter-output>
          </reporter-output>
        </test-method> <!-- Login -->
        <test-method is-config="true" signature="ClosePage()[pri:0, instance:com.Automation_UI.TestAmz@6392827e]" started-at="2024-12-31T14:00:09 IST" name="ClosePage" finished-at="2024-12-31T14:00:09 IST" duration-ms="369" status="PASS">
          <reporter-output>
          </reporter-output>
        </test-method> <!-- ClosePage -->
        <test-method is-config="true" signature="Setup()[pri:0, instance:com.Automation_UI.TestAmz@6392827e]" started-at="2024-12-31T14:00:09 IST" name="Setup" finished-at="2024-12-31T14:00:13 IST" duration-ms="3915" status="PASS">
          <reporter-output>
          </reporter-output>
        </test-method> <!-- Setup -->
        <test-method signature="LogOut()[pri:3, instance:com.Automation_UI.TestAmz@6392827e]" started-at="2024-12-31T14:00:13 IST" name="LogOut" finished-at="2024-12-31T14:00:23 IST" duration-ms="10318" status="PASS">
          <reporter-output>
          </reporter-output>
        </test-method> <!-- LogOut -->
        <test-method is-config="true" signature="ClosePage()[pri:0, instance:com.Automation_UI.TestAmz@6392827e]" started-at="2024-12-31T14:00:23 IST" name="ClosePage" finished-at="2024-12-31T14:00:24 IST" duration-ms="441" status="PASS">
          <reporter-output>
          </reporter-output>
        </test-method> <!-- ClosePage -->
        <test-method is-config="true" signature="Setup()[pri:0, instance:com.Automation_UI.TestAmz@6392827e]" started-at="2024-12-31T14:00:24 IST" name="Setup" finished-at="2024-12-31T14:00:27 IST" duration-ms="3746" status="PASS">
          <reporter-output>
          </reporter-output>
        </test-method> <!-- Setup -->
        <test-method signature="Search()[pri:4, instance:com.Automation_UI.TestAmz@6392827e]" started-at="2024-12-31T14:00:27 IST" name="Search" finished-at="2024-12-31T14:00:28 IST" duration-ms="644" status="PASS">
          <reporter-output>
          </reporter-output>
        </test-method> <!-- Search -->
        <test-method is-config="true" signature="ClosePage()[pri:0, instance:com.Automation_UI.TestAmz@6392827e]" started-at="2024-12-31T14:00:28 IST" name="ClosePage" finished-at="2024-12-31T14:00:28 IST" duration-ms="363" status="PASS">
          <reporter-output>
          </reporter-output>
        </test-method> <!-- ClosePage -->
        <test-method is-config="true" signature="Setup()[pri:0, instance:com.Automation_UI.TestAmz@6392827e]" started-at="2024-12-31T14:00:28 IST" name="Setup" finished-at="2024-12-31T14:00:32 IST" duration-ms="3759" status="PASS">
          <reporter-output>
          </reporter-output>
        </test-method> <!-- Setup -->
        <test-method signature="AddToCart()[pri:5, instance:com.Automation_UI.TestAmz@6392827e]" started-at="2024-12-31T14:00:32 IST" name="AddToCart" finished-at="2024-12-31T14:00:41 IST" duration-ms="9279" status="PASS">
          <reporter-output>
          </reporter-output>
        </test-method> <!-- AddToCart -->
        <test-method is-config="true" signature="ClosePage()[pri:0, instance:com.Automation_UI.TestAmz@6392827e]" started-at="2024-12-31T14:00:41 IST" name="ClosePage" finished-at="2024-12-31T14:00:42 IST" duration-ms="438" status="PASS">
          <reporter-output>
          </reporter-output>
        </test-method> <!-- ClosePage -->
        <test-method is-config="true" signature="Setup()[pri:0, instance:com.Automation_UI.TestAmz@6392827e]" started-at="2024-12-31T14:00:42 IST" name="Setup" finished-at="2024-12-31T14:00:45 IST" duration-ms="3514" status="PASS">
          <reporter-output>
          </reporter-output>
        </test-method> <!-- Setup -->
        <test-method signature="PlaceOrder()[pri:6, instance:com.Automation_UI.TestAmz@6392827e]" started-at="2024-12-31T14:00:45 IST" name="PlaceOrder" finished-at="2024-12-31T14:00:45 IST" duration-ms="36" status="PASS">
          <reporter-output>
          </reporter-output>
        </test-method> <!-- PlaceOrder -->
        <test-method is-config="true" signature="ClosePage()[pri:0, instance:com.Automation_UI.TestAmz@6392827e]" started-at="2024-12-31T14:00:45 IST" name="ClosePage" finished-at="2024-12-31T14:00:46 IST" duration-ms="372" status="PASS">
          <reporter-output>
          </reporter-output>
        </test-method> <!-- ClosePage -->
        <test-method is-config="true" signature="Setup()[pri:0, instance:com.Automation_UI.TestAmz@6392827e]" started-at="2024-12-31T14:00:46 IST" name="Setup" finished-at="2024-12-31T14:00:49 IST" duration-ms="3286" status="PASS">
          <reporter-output>
          </reporter-output>
        </test-method> <!-- Setup -->
        <test-method signature="PaymentGateway()[pri:7, instance:com.Automation_UI.TestAmz@6392827e]" started-at="2024-12-31T14:00:49 IST" name="PaymentGateway" finished-at="2024-12-31T14:00:49 IST" duration-ms="29" status="PASS">
          <reporter-output>
          </reporter-output>
        </test-method> <!-- PaymentGateway -->
        <test-method is-config="true" signature="ClosePage()[pri:0, instance:com.Automation_UI.TestAmz@6392827e]" started-at="2024-12-31T14:00:49 IST" name="ClosePage" finished-at="2024-12-31T14:00:49 IST" duration-ms="321" status="PASS">
          <reporter-output>
          </reporter-output>
        </test-method> <!-- ClosePage -->
        <test-method is-config="true" signature="Setup()[pri:0, instance:com.Automation_UI.TestAmz@6392827e]" started-at="2024-12-31T14:00:49 IST" name="Setup" finished-at="2024-12-31T14:00:53 IST" duration-ms="3455" status="PASS">
          <reporter-output>
          </reporter-output>
        </test-method> <!-- Setup -->
        <test-method signature="CheckCartItemsPresent()[pri:8, instance:com.Automation_UI.TestAmz@6392827e]" started-at="2024-12-31T14:00:53 IST" name="CheckCartItemsPresent" finished-at="2024-12-31T14:00:53 IST" duration-ms="25" status="PASS">
          <reporter-output>
          </reporter-output>
        </test-method> <!-- CheckCartItemsPresent -->
        <test-method is-config="true" signature="ClosePage()[pri:0, instance:com.Automation_UI.TestAmz@6392827e]" started-at="2024-12-31T14:00:53 IST" name="ClosePage" finished-at="2024-12-31T14:00:53 IST" duration-ms="328" status="PASS">
          <reporter-output>
          </reporter-output>
        </test-method> <!-- ClosePage -->
        <test-method is-config="true" signature="Setup()[pri:0, instance:com.Automation_UI.TestAmz@6392827e]" started-at="2024-12-31T14:00:53 IST" name="Setup" finished-at="2024-12-31T14:00:57 IST" duration-ms="3702" status="PASS">
          <reporter-output>
          </reporter-output>
        </test-method> <!-- Setup -->
        <test-method signature="VerifyOrders()[pri:9, instance:com.Automation_UI.TestAmz@6392827e]" started-at="2024-12-31T14:00:57 IST" name="VerifyOrders" finished-at="2024-12-31T14:01:08 IST" duration-ms="10838" status="PASS">
          <reporter-output>
          </reporter-output>
        </test-method> <!-- VerifyOrders -->
        <test-method is-config="true" signature="ClosePage()[pri:0, instance:com.Automation_UI.TestAmz@6392827e]" started-at="2024-12-31T14:01:08 IST" name="ClosePage" finished-at="2024-12-31T14:01:08 IST" duration-ms="438" status="PASS">
          <reporter-output>
          </reporter-output>
        </test-method> <!-- ClosePage -->
        <test-method is-config="true" signature="Setup()[pri:0, instance:com.Automation_UI.TestAmz@6392827e]" started-at="2024-12-31T14:01:08 IST" name="Setup" finished-at="2024-12-31T14:01:12 IST" duration-ms="4009" status="PASS">
          <reporter-output>
          </reporter-output>
        </test-method> <!-- Setup -->
        <test-method signature="VerifyProductSearch()[pri:10, instance:com.Automation_UI.TestAmz@6392827e]" started-at="2024-12-31T14:01:12 IST" name="VerifyProductSearch" finished-at="2024-12-31T14:01:30 IST" duration-ms="17352" status="PASS">
          <reporter-output>
          </reporter-output>
        </test-method> <!-- VerifyProductSearch -->
        <test-method is-config="true" signature="ClosePage()[pri:0, instance:com.Automation_UI.TestAmz@6392827e]" started-at="2024-12-31T14:01:30 IST" name="ClosePage" finished-at="2024-12-31T14:01:30 IST" duration-ms="558" status="PASS">
          <reporter-output>
          </reporter-output>
        </test-method> <!-- ClosePage -->
      </class> <!-- com.Automation_UI.TestAmz -->
    </test> <!-- Default test -->
  </suite> <!-- Default suite -->
</testng-results>
